[0.816s] Invoking command in '/home/kasm-user/Desktop/ros2_ws/src/colourChaser': PS1=default:\w$ PYTHONPATH=/home/kasm-user/Desktop/ros2_ws/build/colourChaser/prefix_override:/home/kasm-user/Desktop/ros2_ws/install/colourChaser/lib/python3.10/site-packages:${PYTHONPATH} /usr/bin/python3 setup.py egg_info --egg-base ../../build/colourChaser build --build-base /home/kasm-user/Desktop/ros2_ws/build/colourChaser/build install --record /home/kasm-user/Desktop/ros2_ws/build/colourChaser/install.log --single-version-externally-managed
[1.108s] running egg_info
[1.109s] writing ../../build/colourChaser/colourChaser.egg-info/PKG-INFO
[1.109s] writing dependency_links to ../../build/colourChaser/colourChaser.egg-info/dependency_links.txt
[1.110s] writing entry points to ../../build/colourChaser/colourChaser.egg-info/entry_points.txt
[1.110s] writing requirements to ../../build/colourChaser/colourChaser.egg-info/requires.txt
[1.110s] writing top-level names to ../../build/colourChaser/colourChaser.egg-info/top_level.txt
[1.112s] reading manifest file '../../build/colourChaser/colourChaser.egg-info/SOURCES.txt'
[1.113s] writing manifest file '../../build/colourChaser/colourChaser.egg-info/SOURCES.txt'
[1.113s] running build
[1.113s] running build_py
[1.113s] copying colourChaser/collision.py -> /home/kasm-user/Desktop/ros2_ws/build/colourChaser/build/lib/colourChaser
[1.113s] running install
[1.114s] /usr/lib/python3/dist-packages/setuptools/command/install.py:34: SetuptoolsDeprecationWarning: setup.py install is deprecated. Use build and pip and other standards-based tools.
[1.114s]   warnings.warn(
[1.114s] running install_lib
[1.115s] copying /home/kasm-user/Desktop/ros2_ws/build/colourChaser/build/lib/colourChaser/collision.py -> /home/kasm-user/Desktop/ros2_ws/install/colourChaser/lib/python3.10/site-packages/colourChaser
[1.116s] byte-compiling /home/kasm-user/Desktop/ros2_ws/install/colourChaser/lib/python3.10/site-packages/colourChaser/collision.py to collision.cpython-310.pyc
[1.116s] running install_data
[1.117s] running install_egg_info
[1.119s] removing '/home/kasm-user/Desktop/ros2_ws/install/colourChaser/lib/python3.10/site-packages/colourChaser-0.0.0-py3.10.egg-info' (and everything under it)
[1.119s] Copying ../../build/colourChaser/colourChaser.egg-info to /home/kasm-user/Desktop/ros2_ws/install/colourChaser/lib/python3.10/site-packages/colourChaser-0.0.0-py3.10.egg-info
[1.120s] running install_scripts
[1.147s] Installing chaser script to /home/kasm-user/Desktop/ros2_ws/install/colourChaser/lib/colourChaser
[1.147s] Installing collision script to /home/kasm-user/Desktop/ros2_ws/install/colourChaser/lib/colourChaser
[1.147s] Installing roamer script to /home/kasm-user/Desktop/ros2_ws/install/colourChaser/lib/colourChaser
[1.147s] writing list of installed files to '/home/kasm-user/Desktop/ros2_ws/build/colourChaser/install.log'
[1.186s] Invoked command in '/home/kasm-user/Desktop/ros2_ws/src/colourChaser' returned '0': PS1=default:\w$ PYTHONPATH=/home/kasm-user/Desktop/ros2_ws/build/colourChaser/prefix_override:/home/kasm-user/Desktop/ros2_ws/install/colourChaser/lib/python3.10/site-packages:${PYTHONPATH} /usr/bin/python3 setup.py egg_info --egg-base ../../build/colourChaser build --build-base /home/kasm-user/Desktop/ros2_ws/build/colourChaser/build install --record /home/kasm-user/Desktop/ros2_ws/build/colourChaser/install.log --single-version-externally-managed
