/home/kasm-user/Desktop/ros2_ws/install/colourChaser/lib/python3.10/site-packages/colourChaser/roaming.py
/home/kasm-user/Desktop/ros2_ws/install/colourChaser/lib/python3.10/site-packages/colourChaser/colourChaser.py
/home/kasm-user/Desktop/ros2_ws/install/colourChaser/lib/python3.10/site-packages/colourChaser/collision.py
/home/kasm-user/Desktop/ros2_ws/install/colourChaser/lib/python3.10/site-packages/colourChaser/__init__.py
/home/kasm-user/Desktop/ros2_ws/install/colourChaser/lib/python3.10/site-packages/colourChaser/__pycache__/roaming.cpython-310.pyc
/home/kasm-user/Desktop/ros2_ws/install/colourChaser/lib/python3.10/site-packages/colourChaser/__pycache__/colourChaser.cpython-310.pyc
/home/kasm-user/Desktop/ros2_ws/install/colourChaser/lib/python3.10/site-packages/colourChaser/__pycache__/collision.cpython-310.pyc
/home/kasm-user/Desktop/ros2_ws/install/colourChaser/lib/python3.10/site-packages/colourChaser/__pycache__/__init__.cpython-310.pyc
/home/kasm-user/Desktop/ros2_ws/install/colourChaser/share/ament_index/resource_index/packages/colourChaser
/home/kasm-user/Desktop/ros2_ws/install/colourChaser/share/colourChaser/package.xml
/home/kasm-user/Desktop/ros2_ws/install/colourChaser/share/colourChaser/twist_mux_launch.py
/home/kasm-user/Desktop/ros2_ws/install/colourChaser/share/colourChaser/config/twist_mux_topics.yaml
/home/kasm-user/Desktop/ros2_ws/install/colourChaser/share/colourChaser/config/twist_mux_locks.yaml
/home/kasm-user/Desktop/ros2_ws/install/colourChaser/lib/python3.10/site-packages/colourChaser-0.0.0-py3.10.egg-info/dependency_links.txt
/home/kasm-user/Desktop/ros2_ws/install/colourChaser/lib/python3.10/site-packages/colourChaser-0.0.0-py3.10.egg-info/requires.txt
/home/kasm-user/Desktop/ros2_ws/install/colourChaser/lib/python3.10/site-packages/colourChaser-0.0.0-py3.10.egg-info/PKG-INFO
/home/kasm-user/Desktop/ros2_ws/install/colourChaser/lib/python3.10/site-packages/colourChaser-0.0.0-py3.10.egg-info/entry_points.txt
/home/kasm-user/Desktop/ros2_ws/install/colourChaser/lib/python3.10/site-packages/colourChaser-0.0.0-py3.10.egg-info/SOURCES.txt
/home/kasm-user/Desktop/ros2_ws/install/colourChaser/lib/python3.10/site-packages/colourChaser-0.0.0-py3.10.egg-info/zip-safe
/home/kasm-user/Desktop/ros2_ws/install/colourChaser/lib/python3.10/site-packages/colourChaser-0.0.0-py3.10.egg-info/top_level.txt
/home/kasm-user/Desktop/ros2_ws/install/colourChaser/lib/colourChaser/chaser
/home/kasm-user/Desktop/ros2_ws/install/colourChaser/lib/colourChaser/collision
/home/kasm-user/Desktop/ros2_ws/install/colourChaser/lib/colourChaser/roamer
