[0.824s] Invoking command in '/home/kasm-user/Desktop/ros2_ws/src/colourChaser': PS1=default:\w$ PYTHONPATH=/home/kasm-user/Desktop/ros2_ws/build/colourChaser/prefix_override:/home/kasm-user/Desktop/ros2_ws/install/colourChaser/lib/python3.10/site-packages:${PYTHONPATH} /usr/bin/python3 setup.py egg_info --egg-base ../../build/colourChaser build --build-base /home/kasm-user/Desktop/ros2_ws/build/colourChaser/build install --record /home/kasm-user/Desktop/ros2_ws/build/colourChaser/install.log --single-version-externally-managed
[1.128s] running egg_info
[1.129s] writing ../../build/colourChaser/colourChaser.egg-info/PKG-INFO
[1.129s] writing dependency_links to ../../build/colourChaser/colourChaser.egg-info/dependency_links.txt
[1.129s] writing entry points to ../../build/colourChaser/colourChaser.egg-info/entry_points.txt
[1.130s] writing requirements to ../../build/colourChaser/colourChaser.egg-info/requires.txt
[1.130s] writing top-level names to ../../build/colourChaser/colourChaser.egg-info/top_level.txt
[1.132s] reading manifest file '../../build/colourChaser/colourChaser.egg-info/SOURCES.txt'
[1.133s] writing manifest file '../../build/colourChaser/colourChaser.egg-info/SOURCES.txt'
[1.134s] running build
[1.134s] running build_py
[1.134s] copying colourChaser/collision.py -> /home/kasm-user/Desktop/ros2_ws/build/colourChaser/build/lib/colourChaser
[1.134s] running install
[1.134s] /usr/lib/python3/dist-packages/setuptools/command/install.py:34: SetuptoolsDeprecationWarning: setup.py install is deprecated. Use build and pip and other standards-based tools.
[1.134s]   warnings.warn(
[1.135s] running install_lib
[1.136s] copying /home/kasm-user/Desktop/ros2_ws/build/colourChaser/build/lib/colourChaser/collision.py -> /home/kasm-user/Desktop/ros2_ws/install/colourChaser/lib/python3.10/site-packages/colourChaser
[1.137s] byte-compiling /home/kasm-user/Desktop/ros2_ws/install/colourChaser/lib/python3.10/site-packages/colourChaser/collision.py to collision.cpython-310.pyc
[1.138s] running install_data
[1.139s] running install_egg_info
[1.140s] removing '/home/kasm-user/Desktop/ros2_ws/install/colourChaser/lib/python3.10/site-packages/colourChaser-0.0.0-py3.10.egg-info' (and everything under it)
[1.141s] Copying ../../build/colourChaser/colourChaser.egg-info to /home/kasm-user/Desktop/ros2_ws/install/colourChaser/lib/python3.10/site-packages/colourChaser-0.0.0-py3.10.egg-info
[1.142s] running install_scripts
[1.167s] Installing chaser script to /home/kasm-user/Desktop/ros2_ws/install/colourChaser/lib/colourChaser
[1.168s] Installing collision script to /home/kasm-user/Desktop/ros2_ws/install/colourChaser/lib/colourChaser
[1.168s] Installing roamer script to /home/kasm-user/Desktop/ros2_ws/install/colourChaser/lib/colourChaser
[1.168s] writing list of installed files to '/home/kasm-user/Desktop/ros2_ws/build/colourChaser/install.log'
[1.202s] Invoked command in '/home/kasm-user/Desktop/ros2_ws/src/colourChaser' returned '0': PS1=default:\w$ PYTHONPATH=/home/kasm-user/Desktop/ros2_ws/build/colourChaser/prefix_override:/home/kasm-user/Desktop/ros2_ws/install/colourChaser/lib/python3.10/site-packages:${PYTHONPATH} /usr/bin/python3 setup.py egg_info --egg-base ../../build/colourChaser build --build-base /home/kasm-user/Desktop/ros2_ws/build/colourChaser/build install --record /home/kasm-user/Desktop/ros2_ws/build/colourChaser/install.log --single-version-externally-managed
