[0.765s] Invoking command in '/home/kasm-user/Desktop/ros2_ws/src/colourChaser': PS1=default:\w$ PYTHONPATH=/home/kasm-user/Desktop/ros2_ws/build/colourChaser/prefix_override:/home/kasm-user/Desktop/ros2_ws/install/colourChaser/lib/python3.10/site-packages:${PYTHONPATH} /usr/bin/python3 setup.py egg_info --egg-base ../../build/colourChaser build --build-base /home/kasm-user/Desktop/ros2_ws/build/colourChaser/build install --record /home/kasm-user/Desktop/ros2_ws/build/colourChaser/install.log --single-version-externally-managed
[1.045s] running egg_info
[1.046s] creating ../../build/colourChaser/colourChaser.egg-info
[1.046s] writing ../../build/colourChaser/colourChaser.egg-info/PKG-INFO
[1.047s] writing dependency_links to ../../build/colourChaser/colourChaser.egg-info/dependency_links.txt
[1.047s] writing entry points to ../../build/colourChaser/colourChaser.egg-info/entry_points.txt
[1.047s] writing requirements to ../../build/colourChaser/colourChaser.egg-info/requires.txt
[1.047s] writing top-level names to ../../build/colourChaser/colourChaser.egg-info/top_level.txt
[1.047s] writing manifest file '../../build/colourChaser/colourChaser.egg-info/SOURCES.txt'
[1.049s] reading manifest file '../../build/colourChaser/colourChaser.egg-info/SOURCES.txt'
[1.050s] writing manifest file '../../build/colourChaser/colourChaser.egg-info/SOURCES.txt'
[1.051s] running build
[1.051s] running build_py
[1.051s] creating /home/kasm-user/Desktop/ros2_ws/build/colourChaser/build
[1.052s] creating /home/kasm-user/Desktop/ros2_ws/build/colourChaser/build/lib
[1.052s] creating /home/kasm-user/Desktop/ros2_ws/build/colourChaser/build/lib/colourChaser
[1.052s] copying colourChaser/roaming.py -> /home/kasm-user/Desktop/ros2_ws/build/colourChaser/build/lib/colourChaser
[1.053s] copying colourChaser/colourChaser.py -> /home/kasm-user/Desktop/ros2_ws/build/colourChaser/build/lib/colourChaser
[1.053s] copying colourChaser/collision.py -> /home/kasm-user/Desktop/ros2_ws/build/colourChaser/build/lib/colourChaser
[1.054s] copying colourChaser/__init__.py -> /home/kasm-user/Desktop/ros2_ws/build/colourChaser/build/lib/colourChaser
[1.054s] running install
[1.054s] /usr/lib/python3/dist-packages/setuptools/command/install.py:34: SetuptoolsDeprecationWarning: setup.py install is deprecated. Use build and pip and other standards-based tools.
[1.054s]   warnings.warn(
[1.054s] running install_lib
[1.055s] creating /home/kasm-user/Desktop/ros2_ws/install/colourChaser/lib/python3.10/site-packages/colourChaser
[1.055s] copying /home/kasm-user/Desktop/ros2_ws/build/colourChaser/build/lib/colourChaser/roaming.py -> /home/kasm-user/Desktop/ros2_ws/install/colourChaser/lib/python3.10/site-packages/colourChaser
[1.055s] copying /home/kasm-user/Desktop/ros2_ws/build/colourChaser/build/lib/colourChaser/colourChaser.py -> /home/kasm-user/Desktop/ros2_ws/install/colourChaser/lib/python3.10/site-packages/colourChaser
[1.056s] copying /home/kasm-user/Desktop/ros2_ws/build/colourChaser/build/lib/colourChaser/collision.py -> /home/kasm-user/Desktop/ros2_ws/install/colourChaser/lib/python3.10/site-packages/colourChaser
[1.056s] copying /home/kasm-user/Desktop/ros2_ws/build/colourChaser/build/lib/colourChaser/__init__.py -> /home/kasm-user/Desktop/ros2_ws/install/colourChaser/lib/python3.10/site-packages/colourChaser
[1.056s] byte-compiling /home/kasm-user/Desktop/ros2_ws/install/colourChaser/lib/python3.10/site-packages/colourChaser/roaming.py to roaming.cpython-310.pyc
[1.057s] byte-compiling /home/kasm-user/Desktop/ros2_ws/install/colourChaser/lib/python3.10/site-packages/colourChaser/colourChaser.py to colourChaser.cpython-310.pyc
[1.058s] byte-compiling /home/kasm-user/Desktop/ros2_ws/install/colourChaser/lib/python3.10/site-packages/colourChaser/collision.py to collision.cpython-310.pyc
[1.058s] byte-compiling /home/kasm-user/Desktop/ros2_ws/install/colourChaser/lib/python3.10/site-packages/colourChaser/__init__.py to __init__.cpython-310.pyc
[1.059s] running install_data
[1.059s] creating /home/kasm-user/Desktop/ros2_ws/install/colourChaser/share/ament_index
[1.060s] creating /home/kasm-user/Desktop/ros2_ws/install/colourChaser/share/ament_index/resource_index
[1.060s] creating /home/kasm-user/Desktop/ros2_ws/install/colourChaser/share/ament_index/resource_index/packages
[1.060s] copying resource/colourChaser -> /home/kasm-user/Desktop/ros2_ws/install/colourChaser/share/ament_index/resource_index/packages
[1.060s] copying package.xml -> /home/kasm-user/Desktop/ros2_ws/install/colourChaser/share/colourChaser
[1.060s] copying launch/twist_mux_launch.py -> /home/kasm-user/Desktop/ros2_ws/install/colourChaser/share/colourChaser
[1.061s] creating /home/kasm-user/Desktop/ros2_ws/install/colourChaser/share/colourChaser/config
[1.061s] copying config/twist_mux_topics.yaml -> /home/kasm-user/Desktop/ros2_ws/install/colourChaser/share/colourChaser/config
[1.061s] copying config/twist_mux_locks.yaml -> /home/kasm-user/Desktop/ros2_ws/install/colourChaser/share/colourChaser/config
[1.061s] running install_egg_info
[1.063s] Copying ../../build/colourChaser/colourChaser.egg-info to /home/kasm-user/Desktop/ros2_ws/install/colourChaser/lib/python3.10/site-packages/colourChaser-0.0.0-py3.10.egg-info
[1.064s] running install_scripts
[1.087s] Installing chaser script to /home/kasm-user/Desktop/ros2_ws/install/colourChaser/lib/colourChaser
[1.088s] Installing roamer script to /home/kasm-user/Desktop/ros2_ws/install/colourChaser/lib/colourChaser
[1.088s] writing list of installed files to '/home/kasm-user/Desktop/ros2_ws/build/colourChaser/install.log'
[1.116s] Invoked command in '/home/kasm-user/Desktop/ros2_ws/src/colourChaser' returned '0': PS1=default:\w$ PYTHONPATH=/home/kasm-user/Desktop/ros2_ws/build/colourChaser/prefix_override:/home/kasm-user/Desktop/ros2_ws/install/colourChaser/lib/python3.10/site-packages:${PYTHONPATH} /usr/bin/python3 setup.py egg_info --egg-base ../../build/colourChaser build --build-base /home/kasm-user/Desktop/ros2_ws/build/colourChaser/build install --record /home/kasm-user/Desktop/ros2_ws/build/colourChaser/install.log --single-version-externally-managed
