running egg_info
writing ../../build/colourChaser/colourChaser.egg-info/PKG-INFO
writing dependency_links to ../../build/colourChaser/colourChaser.egg-info/dependency_links.txt
writing entry points to ../../build/colourChaser/colourChaser.egg-info/entry_points.txt
writing requirements to ../../build/colourChaser/colourChaser.egg-info/requires.txt
writing top-level names to ../../build/colourChaser/colourChaser.egg-info/top_level.txt
reading manifest file '../../build/colourChaser/colourChaser.egg-info/SOURCES.txt'
writing manifest file '../../build/colourChaser/colourChaser.egg-info/SOURCES.txt'
running build
running build_py
copying colourChaser/colourChaser.py -> /home/kasm-user/Desktop/ros2_ws/build/colourChaser/build/lib/colourChaser
running install
running install_lib
copying /home/kasm-user/Desktop/ros2_ws/build/colourChaser/build/lib/colourChaser/colourChaser.py -> /home/kasm-user/Desktop/ros2_ws/install/colourChaser/lib/python3.10/site-packages/colourChaser
byte-compiling /home/kasm-user/Desktop/ros2_ws/install/colourChaser/lib/python3.10/site-packages/colourChaser/colourChaser.py to colourChaser.cpython-310.pyc
running install_data
running install_egg_info
removing '/home/kasm-user/Desktop/ros2_ws/install/colourChaser/lib/python3.10/site-packages/colourChaser-0.0.0-py3.10.egg-info' (and everything under it)
Copying ../../build/colourChaser/colourChaser.egg-info to /home/kasm-user/Desktop/ros2_ws/install/colourChaser/lib/python3.10/site-packages/colourChaser-0.0.0-py3.10.egg-info
running install_scripts
Installing chaser script to /home/kasm-user/Desktop/ros2_ws/install/colourChaser/lib/colourChaser
Installing collision script to /home/kasm-user/Desktop/ros2_ws/install/colourChaser/lib/colourChaser
writing list of installed files to '/home/kasm-user/Desktop/ros2_ws/build/colourChaser/install.log'
