[0.421s] DEBUG:colcon:Command line arguments: ['/usr/bin/colcon', 'build']
[0.421s] DEBUG:colcon:Parsed command line arguments: Namespace(log_base=None, log_level=None, verb_name='build', build_base='build', install_base='install', merge_install=False, symlink_install=False, test_result_base=None, continue_on_error=False, executor='parallel', parallel_workers=16, event_handlers=None, ignore_user_meta=False, metas=['./colcon.meta'], base_paths=['.'], packages_ignore=None, packages_ignore_regex=None, paths=None, packages_up_to=None, packages_up_to_regex=None, packages_above=None, packages_above_and_dependencies=None, packages_above_depth=None, packages_select_by_dep=None, packages_skip_by_dep=None, packages_skip_up_to=None, packages_select_build_failed=False, packages_skip_build_finished=False, packages_select_test_failures=False, packages_skip_test_passed=False, packages_select=None, packages_skip=None, packages_select_regex=None, packages_skip_regex=None, packages_start=None, packages_end=None, allow_overriding=[], cmake_args=None, cmake_target=None, cmake_target_skip_unavailable=False, cmake_clean_cache=False, cmake_clean_first=False, cmake_force_configure=False, ament_cmake_args=None, catkin_cmake_args=None, catkin_skip_building_tests=False, verb_parser=<colcon_defaults.argument_parser.defaults.DefaultArgumentsDecorator object at 0x7f3192d564a0>, verb_extension=<colcon_core.verb.build.BuildVerb object at 0x7f3193540220>, main=<bound method BuildVerb.main of <colcon_core.verb.build.BuildVerb object at 0x7f3193540220>>)
[0.462s] Level 1:colcon.colcon_core.package_discovery:discover_packages(colcon_meta) check parameters
[0.462s] Level 1:colcon.colcon_core.package_discovery:discover_packages(recursive) check parameters
[0.462s] Level 1:colcon.colcon_core.package_discovery:discover_packages(ignore) check parameters
[0.462s] Level 1:colcon.colcon_core.package_discovery:discover_packages(path) check parameters
[0.462s] Level 1:colcon.colcon_core.package_discovery:discover_packages(colcon_meta) discover
[0.462s] Level 1:colcon.colcon_core.package_discovery:discover_packages(recursive) discover
[0.462s] INFO:colcon.colcon_core.package_discovery:Crawling recursively for packages in '/home/kasm-user/Desktop/ros2_ws'
[0.462s] Level 1:colcon.colcon_core.package_identification:_identify(.) by extensions ['ignore', 'ignore_ament_install']
[0.462s] Level 1:colcon.colcon_core.package_identification:_identify(.) by extension 'ignore'
[0.462s] Level 1:colcon.colcon_core.package_identification:_identify(.) by extension 'ignore_ament_install'
[0.462s] Level 1:colcon.colcon_core.package_identification:_identify(.) by extensions ['colcon_pkg']
[0.462s] Level 1:colcon.colcon_core.package_identification:_identify(.) by extension 'colcon_pkg'
[0.462s] Level 1:colcon.colcon_core.package_identification:_identify(.) by extensions ['colcon_meta']
[0.463s] Level 1:colcon.colcon_core.package_identification:_identify(.) by extension 'colcon_meta'
[0.463s] Level 1:colcon.colcon_core.package_identification:_identify(.) by extensions ['ros']
[0.463s] Level 1:colcon.colcon_core.package_identification:_identify(.) by extension 'ros'
[0.478s] Level 1:colcon.colcon_core.package_identification:_identify(.) by extensions ['cmake', 'python']
[0.478s] Level 1:colcon.colcon_core.package_identification:_identify(.) by extension 'cmake'
[0.478s] Level 1:colcon.colcon_core.package_identification:_identify(.) by extension 'python'
[0.478s] Level 1:colcon.colcon_core.package_identification:_identify(.) by extensions ['python_setup_py']
[0.478s] Level 1:colcon.colcon_core.package_identification:_identify(.) by extension 'python_setup_py'
[0.478s] Level 1:colcon.colcon_core.package_identification:_identify(build) by extensions ['ignore', 'ignore_ament_install']
[0.479s] Level 1:colcon.colcon_core.package_identification:_identify(build) by extension 'ignore'
[0.479s] Level 1:colcon.colcon_core.package_identification:_identify(build) ignored
[0.479s] Level 1:colcon.colcon_core.package_identification:_identify(install) by extensions ['ignore', 'ignore_ament_install']
[0.479s] Level 1:colcon.colcon_core.package_identification:_identify(install) by extension 'ignore'
[0.479s] Level 1:colcon.colcon_core.package_identification:_identify(install) ignored
[0.479s] Level 1:colcon.colcon_core.package_identification:_identify(log) by extensions ['ignore', 'ignore_ament_install']
[0.479s] Level 1:colcon.colcon_core.package_identification:_identify(log) by extension 'ignore'
[0.479s] Level 1:colcon.colcon_core.package_identification:_identify(log) ignored
[0.479s] Level 1:colcon.colcon_core.package_identification:_identify(src) by extensions ['ignore', 'ignore_ament_install']
[0.479s] Level 1:colcon.colcon_core.package_identification:_identify(src) by extension 'ignore'
[0.480s] Level 1:colcon.colcon_core.package_identification:_identify(src) by extension 'ignore_ament_install'
[0.480s] Level 1:colcon.colcon_core.package_identification:_identify(src) by extensions ['colcon_pkg']
[0.480s] Level 1:colcon.colcon_core.package_identification:_identify(src) by extension 'colcon_pkg'
[0.480s] Level 1:colcon.colcon_core.package_identification:_identify(src) by extensions ['colcon_meta']
[0.480s] Level 1:colcon.colcon_core.package_identification:_identify(src) by extension 'colcon_meta'
[0.480s] Level 1:colcon.colcon_core.package_identification:_identify(src) by extensions ['ros']
[0.480s] Level 1:colcon.colcon_core.package_identification:_identify(src) by extension 'ros'
[0.480s] Level 1:colcon.colcon_core.package_identification:_identify(src) by extensions ['cmake', 'python']
[0.480s] Level 1:colcon.colcon_core.package_identification:_identify(src) by extension 'cmake'
[0.480s] Level 1:colcon.colcon_core.package_identification:_identify(src) by extension 'python'
[0.480s] Level 1:colcon.colcon_core.package_identification:_identify(src) by extensions ['python_setup_py']
[0.480s] Level 1:colcon.colcon_core.package_identification:_identify(src) by extension 'python_setup_py'
[0.480s] Level 1:colcon.colcon_core.package_identification:_identify(src/colourChaser) by extensions ['ignore', 'ignore_ament_install']
[0.480s] Level 1:colcon.colcon_core.package_identification:_identify(src/colourChaser) by extension 'ignore'
[0.481s] Level 1:colcon.colcon_core.package_identification:_identify(src/colourChaser) by extension 'ignore_ament_install'
[0.481s] Level 1:colcon.colcon_core.package_identification:_identify(src/colourChaser) by extensions ['colcon_pkg']
[0.481s] Level 1:colcon.colcon_core.package_identification:_identify(src/colourChaser) by extension 'colcon_pkg'
[0.481s] Level 1:colcon.colcon_core.package_identification:_identify(src/colourChaser) by extensions ['colcon_meta']
[0.481s] Level 1:colcon.colcon_core.package_identification:_identify(src/colourChaser) by extension 'colcon_meta'
[0.481s] Level 1:colcon.colcon_core.package_identification:_identify(src/colourChaser) by extensions ['ros']
[0.481s] Level 1:colcon.colcon_core.package_identification:_identify(src/colourChaser) by extension 'ros'
[0.485s] DEBUG:colcon.colcon_core.package_identification:Package 'src/colourChaser' with type 'ros.ament_python' and name 'colourChaser'
[0.485s] Level 1:colcon.colcon_core.package_discovery:discover_packages(recursive) using defaults
[0.485s] Level 1:colcon.colcon_core.package_discovery:discover_packages(ignore) discover
[0.485s] Level 1:colcon.colcon_core.package_discovery:discover_packages(ignore) using defaults
[0.485s] Level 1:colcon.colcon_core.package_discovery:discover_packages(path) discover
[0.485s] Level 1:colcon.colcon_core.package_discovery:discover_packages(path) using defaults
[0.520s] Level 1:colcon.colcon_core.package_discovery:discover_packages(prefix_path) check parameters
[0.520s] Level 1:colcon.colcon_core.package_discovery:discover_packages(prefix_path) discover
[0.524s] DEBUG:colcon.colcon_installed_package_information.package_discovery:Found 1 installed packages in /home/kasm-user/Desktop/ros2_ws/install
[0.525s] DEBUG:colcon.colcon_installed_package_information.package_discovery:Found 2 installed packages in /opt/ros/lcas_addons/install
[0.528s] DEBUG:colcon.colcon_installed_package_information.package_discovery:Found 332 installed packages in /opt/ros/humble
[0.531s] Level 1:colcon.colcon_core.package_discovery:discover_packages(prefix_path) using defaults
[0.622s] Level 5:colcon.colcon_core.verb:set package 'colourChaser' build argument 'cmake_args' from command line to 'None'
[0.622s] Level 5:colcon.colcon_core.verb:set package 'colourChaser' build argument 'cmake_target' from command line to 'None'
[0.622s] Level 5:colcon.colcon_core.verb:set package 'colourChaser' build argument 'cmake_target_skip_unavailable' from command line to 'False'
[0.622s] Level 5:colcon.colcon_core.verb:set package 'colourChaser' build argument 'cmake_clean_cache' from command line to 'False'
[0.622s] Level 5:colcon.colcon_core.verb:set package 'colourChaser' build argument 'cmake_clean_first' from command line to 'False'
[0.622s] Level 5:colcon.colcon_core.verb:set package 'colourChaser' build argument 'cmake_force_configure' from command line to 'False'
[0.622s] Level 5:colcon.colcon_core.verb:set package 'colourChaser' build argument 'ament_cmake_args' from command line to 'None'
[0.622s] Level 5:colcon.colcon_core.verb:set package 'colourChaser' build argument 'catkin_cmake_args' from command line to 'None'
[0.622s] Level 5:colcon.colcon_core.verb:set package 'colourChaser' build argument 'catkin_skip_building_tests' from command line to 'False'
[0.622s] DEBUG:colcon.colcon_core.verb:Building package 'colourChaser' with the following arguments: {'ament_cmake_args': None, 'build_base': '/home/kasm-user/Desktop/ros2_ws/build/colourChaser', 'catkin_cmake_args': None, 'catkin_skip_building_tests': False, 'cmake_args': None, 'cmake_clean_cache': False, 'cmake_clean_first': False, 'cmake_force_configure': False, 'cmake_target': None, 'cmake_target_skip_unavailable': False, 'install_base': '/home/kasm-user/Desktop/ros2_ws/install/colourChaser', 'merge_install': False, 'path': '/home/kasm-user/Desktop/ros2_ws/src/colourChaser', 'symlink_install': False, 'test_result_base': None}
[0.623s] INFO:colcon.colcon_core.executor:Executing jobs using 'parallel' executor
[0.627s] DEBUG:colcon.colcon_parallel_executor.executor.parallel:run_until_complete
[0.628s] INFO:colcon.colcon_ros.task.ament_python.build:Building ROS package in '/home/kasm-user/Desktop/ros2_ws/src/colourChaser' with build type 'ament_python'
[0.628s] Level 1:colcon.colcon_core.shell:create_environment_hook('colourChaser', 'ament_prefix_path')
[0.635s] INFO:colcon.colcon_core.plugin_system:Skipping extension 'colcon_core.shell.bat': Not used on non-Windows systems
[0.635s] INFO:colcon.colcon_core.shell:Creating environment hook '/home/kasm-user/Desktop/ros2_ws/install/colourChaser/share/colourChaser/hook/ament_prefix_path.ps1'
[0.636s] INFO:colcon.colcon_core.shell:Creating environment descriptor '/home/kasm-user/Desktop/ros2_ws/install/colourChaser/share/colourChaser/hook/ament_prefix_path.dsv'
[0.636s] INFO:colcon.colcon_core.shell:Creating environment hook '/home/kasm-user/Desktop/ros2_ws/install/colourChaser/share/colourChaser/hook/ament_prefix_path.sh'
[0.639s] INFO:colcon.colcon_core.shell:Skip shell extension 'powershell' for command environment: Not usable outside of PowerShell
[0.639s] DEBUG:colcon.colcon_core.shell:Skip shell extension 'dsv' for command environment
[0.962s] INFO:colcon.colcon_core.task.python.build:Building Python package in '/home/kasm-user/Desktop/ros2_ws/src/colourChaser'
[0.964s] INFO:colcon.colcon_core.shell:Skip shell extension 'powershell' for command environment: Not usable outside of PowerShell
[0.964s] DEBUG:colcon.colcon_core.shell:Skip shell extension 'dsv' for command environment
[1.374s] DEBUG:colcon.colcon_core.event_handler.log_command:Invoking command in '/home/kasm-user/Desktop/ros2_ws/src/colourChaser': PS1=default:\w$ PYTHONPATH=/home/kasm-user/Desktop/ros2_ws/build/colourChaser/prefix_override:/home/kasm-user/Desktop/ros2_ws/install/colourChaser/lib/python3.10/site-packages:${PYTHONPATH} /usr/bin/python3 setup.py egg_info --egg-base ../../build/colourChaser build --build-base /home/kasm-user/Desktop/ros2_ws/build/colourChaser/build install --record /home/kasm-user/Desktop/ros2_ws/build/colourChaser/install.log --single-version-externally-managed
[1.737s] DEBUG:colcon.colcon_core.event_handler.log_command:Invoked command in '/home/kasm-user/Desktop/ros2_ws/src/colourChaser' returned '0': PS1=default:\w$ PYTHONPATH=/home/kasm-user/Desktop/ros2_ws/build/colourChaser/prefix_override:/home/kasm-user/Desktop/ros2_ws/install/colourChaser/lib/python3.10/site-packages:${PYTHONPATH} /usr/bin/python3 setup.py egg_info --egg-base ../../build/colourChaser build --build-base /home/kasm-user/Desktop/ros2_ws/build/colourChaser/build install --record /home/kasm-user/Desktop/ros2_ws/build/colourChaser/install.log --single-version-externally-managed
[1.743s] Level 1:colcon.colcon_core.environment:checking '/home/kasm-user/Desktop/ros2_ws/install/colourChaser' for CMake module files
[1.743s] Level 1:colcon.colcon_core.environment:checking '/home/kasm-user/Desktop/ros2_ws/install/colourChaser' for CMake config files
[1.744s] Level 1:colcon.colcon_core.environment:checking '/home/kasm-user/Desktop/ros2_ws/install/colourChaser/lib'
[1.744s] Level 1:colcon.colcon_core.environment:checking '/home/kasm-user/Desktop/ros2_ws/install/colourChaser/bin'
[1.745s] Level 1:colcon.colcon_core.environment:checking '/home/kasm-user/Desktop/ros2_ws/install/colourChaser/lib/pkgconfig/colourChaser.pc'
[1.745s] Level 1:colcon.colcon_core.environment:checking '/home/kasm-user/Desktop/ros2_ws/install/colourChaser/lib/python3.10/site-packages'
[1.745s] Level 1:colcon.colcon_core.shell:create_environment_hook('colourChaser', 'pythonpath')
[1.747s] INFO:colcon.colcon_core.shell:Creating environment hook '/home/kasm-user/Desktop/ros2_ws/install/colourChaser/share/colourChaser/hook/pythonpath.ps1'
[1.747s] INFO:colcon.colcon_core.shell:Creating environment descriptor '/home/kasm-user/Desktop/ros2_ws/install/colourChaser/share/colourChaser/hook/pythonpath.dsv'
[1.748s] INFO:colcon.colcon_core.shell:Creating environment hook '/home/kasm-user/Desktop/ros2_ws/install/colourChaser/share/colourChaser/hook/pythonpath.sh'
[1.748s] Level 1:colcon.colcon_core.environment:checking '/home/kasm-user/Desktop/ros2_ws/install/colourChaser/bin'
[1.749s] Level 1:colcon.colcon_core.environment:create_environment_scripts_only(colourChaser)
[1.751s] INFO:colcon.colcon_core.shell:Creating package script '/home/kasm-user/Desktop/ros2_ws/install/colourChaser/share/colourChaser/package.ps1'
[1.753s] INFO:colcon.colcon_core.shell:Creating package descriptor '/home/kasm-user/Desktop/ros2_ws/install/colourChaser/share/colourChaser/package.dsv'
[1.754s] INFO:colcon.colcon_core.shell:Creating package script '/home/kasm-user/Desktop/ros2_ws/install/colourChaser/share/colourChaser/package.sh'
[1.755s] INFO:colcon.colcon_core.shell:Creating package script '/home/kasm-user/Desktop/ros2_ws/install/colourChaser/share/colourChaser/package.bash'
[1.756s] INFO:colcon.colcon_core.shell:Creating package script '/home/kasm-user/Desktop/ros2_ws/install/colourChaser/share/colourChaser/package.zsh'
[1.757s] Level 1:colcon.colcon_core.environment:create_file_with_runtime_dependencies(/home/kasm-user/Desktop/ros2_ws/install/colourChaser/share/colcon-core/packages/colourChaser)
[1.757s] DEBUG:colcon.colcon_parallel_executor.executor.parallel:closing loop
[1.758s] DEBUG:colcon.colcon_parallel_executor.executor.parallel:loop closed
[1.758s] DEBUG:colcon.colcon_parallel_executor.executor.parallel:run_until_complete finished with '0'
[1.758s] DEBUG:colcon.colcon_core.event_reactor:joining thread
[1.764s] INFO:colcon.colcon_core.plugin_system:Skipping extension 'colcon_notification.desktop_notification.terminal_notifier': Not used on non-Darwin systems
[1.764s] INFO:colcon.colcon_core.plugin_system:Skipping extension 'colcon_notification.desktop_notification.win32': Not used on non-Windows systems
[1.764s] INFO:colcon.colcon_notification.desktop_notification:Sending desktop notification using 'notify2'
[1.772s] DEBUG:colcon.colcon_core.event_reactor:joined thread
[1.773s] INFO:colcon.colcon_core.shell:Creating prefix script '/home/kasm-user/Desktop/ros2_ws/install/local_setup.ps1'
[1.775s] INFO:colcon.colcon_core.shell:Creating prefix util module '/home/kasm-user/Desktop/ros2_ws/install/_local_setup_util_ps1.py'
[1.776s] INFO:colcon.colcon_core.shell:Creating prefix chain script '/home/kasm-user/Desktop/ros2_ws/install/setup.ps1'
[1.778s] INFO:colcon.colcon_core.shell:Creating prefix script '/home/kasm-user/Desktop/ros2_ws/install/local_setup.sh'
[1.778s] INFO:colcon.colcon_core.shell:Creating prefix util module '/home/kasm-user/Desktop/ros2_ws/install/_local_setup_util_sh.py'
[1.779s] INFO:colcon.colcon_core.shell:Creating prefix chain script '/home/kasm-user/Desktop/ros2_ws/install/setup.sh'
[1.781s] INFO:colcon.colcon_core.shell:Creating prefix script '/home/kasm-user/Desktop/ros2_ws/install/local_setup.bash'
[1.781s] INFO:colcon.colcon_core.shell:Creating prefix chain script '/home/kasm-user/Desktop/ros2_ws/install/setup.bash'
[1.784s] INFO:colcon.colcon_core.shell:Creating prefix script '/home/kasm-user/Desktop/ros2_ws/install/local_setup.zsh'
[1.785s] INFO:colcon.colcon_core.shell:Creating prefix chain script '/home/kasm-user/Desktop/ros2_ws/install/setup.zsh'
