[0.685s] Invoking command in '/home/kasm-user/Desktop/ros2_ws/src/colourChaser': PS1=default:\w$ PYTHONPATH=/home/kasm-user/Desktop/ros2_ws/build/colourChaser/prefix_override:/home/kasm-user/Desktop/ros2_ws/install/colourChaser/lib/python3.10/site-packages:${PYTHONPATH} /usr/bin/python3 setup.py egg_info --egg-base ../../build/colourChaser build --build-base /home/kasm-user/Desktop/ros2_ws/build/colourChaser/build install --record /home/kasm-user/Desktop/ros2_ws/build/colourChaser/install.log --single-version-externally-managed
[0.946s] running egg_info
[0.946s] writing ../../build/colourChaser/colourChaser.egg-info/PKG-INFO
[0.947s] writing dependency_links to ../../build/colourChaser/colourChaser.egg-info/dependency_links.txt
[0.947s] writing entry points to ../../build/colourChaser/colourChaser.egg-info/entry_points.txt
[0.948s] writing requirements to ../../build/colourChaser/colourChaser.egg-info/requires.txt
[0.948s] writing top-level names to ../../build/colourChaser/colourChaser.egg-info/top_level.txt
[0.949s] reading manifest file '../../build/colourChaser/colourChaser.egg-info/SOURCES.txt'
[0.950s] writing manifest file '../../build/colourChaser/colourChaser.egg-info/SOURCES.txt'
[0.950s] running build
[0.951s] running build_py
[0.951s] running install
[0.951s] /usr/lib/python3/dist-packages/setuptools/command/install.py:34: SetuptoolsDeprecationWarning: setup.py install is deprecated. Use build and pip and other standards-based tools.
[0.951s]   warnings.warn(
[0.952s] running install_lib
[0.954s] running install_data
[0.955s] running install_egg_info
[0.956s] removing '/home/kasm-user/Desktop/ros2_ws/install/colourChaser/lib/python3.10/site-packages/colourChaser-0.0.0-py3.10.egg-info' (and everything under it)
[0.957s] Copying ../../build/colourChaser/colourChaser.egg-info to /home/kasm-user/Desktop/ros2_ws/install/colourChaser/lib/python3.10/site-packages/colourChaser-0.0.0-py3.10.egg-info
[0.958s] running install_scripts
[0.982s] Installing chaser script to /home/kasm-user/Desktop/ros2_ws/install/colourChaser/lib/colourChaser
[0.982s] Installing collision script to /home/kasm-user/Desktop/ros2_ws/install/colourChaser/lib/colourChaser
[0.982s] Installing roamer script to /home/kasm-user/Desktop/ros2_ws/install/colourChaser/lib/colourChaser
[0.982s] writing list of installed files to '/home/kasm-user/Desktop/ros2_ws/build/colourChaser/install.log'
[1.010s] Invoked command in '/home/kasm-user/Desktop/ros2_ws/src/colourChaser' returned '0': PS1=default:\w$ PYTHONPATH=/home/kasm-user/Desktop/ros2_ws/build/colourChaser/prefix_override:/home/kasm-user/Desktop/ros2_ws/install/colourChaser/lib/python3.10/site-packages:${PYTHONPATH} /usr/bin/python3 setup.py egg_info --egg-base ../../build/colourChaser build --build-base /home/kasm-user/Desktop/ros2_ws/build/colourChaser/build install --record /home/kasm-user/Desktop/ros2_ws/build/colourChaser/install.log --single-version-externally-managed
