[0.000000] (-) TimerEvent: {}
[0.001713] (colourChaser) JobQueued: {'identifier': 'colourChaser', 'dependencies': OrderedDict()}
[0.002210] (colourChaser) JobStarted: {'identifier': 'colourChaser'}
[0.097261] (-) TimerEvent: {}
[0.197698] (-) TimerEvent: {}
[0.298127] (-) TimerEvent: {}
[0.398487] (-) TimerEvent: {}
[0.498905] (-) TimerEvent: {}
[0.599330] (-) TimerEvent: {}
[0.699704] (-) TimerEvent: {}
[0.795286] (colourChaser) Command: {'cmd': ['/usr/bin/python3', 'setup.py', 'egg_info', '--egg-base', '../../build/colourChaser', 'build', '--build-base', '/home/kasm-user/Desktop/ros2_ws/build/colourChaser/build', 'install', '--record', '/home/kasm-user/Desktop/ros2_ws/build/colourChaser/install.log', '--single-version-externally-managed'], 'cwd': '/home/kasm-user/Desktop/ros2_ws/src/colourChaser', 'env': {'LANGUAGE': 'en_US:en', 'HOSTNAME': '61c4b9d68fb8', 'SSH_AGENT_PID': '271', 'SHLVL': '1', 'LD_LIBRARY_PATH': '/usr/lib/x86_64-linux-gnu/gazebo-11/plugins:/opt/ros/humble/opt/rviz_ogre_vendor/lib:/opt/ros/humble/lib/x86_64-linux-gnu:/opt/ros/humble/lib:/usr/lib/x86_64-linux-gnu:/usr/lib/i386-linux-gnu:/opt/libjpeg-turbo/lib64/:/usr/local/lib/:/usr/local/nvidia/lib:/usr/local/nvidia/lib64:/usr/share/gazebo/../../lib/x86_64-linux-gnu/gazebo-11/plugins::/usr/share/gazebo/../../lib/x86_64-linux-gnu/gazebo-11/plugins:/usr/share/gazebo/../../lib/x86_64-linux-gnu/gazebo-11/plugins:', 'OMP_WAIT_POLICY': 'PASSIVE', 'HOME': '/home/kasm-user', 'NO_VNC_PORT': '6901', 'DESKTOP_SESSION': 'xfce', 'STARTUPDIR': '/dockerstartup', 'GAZEBO_MASTER_URI': 'http://localhost:11345', 'ROS_PYTHON_VERSION': '3', 'PS1': 'default:\\w$', 'START_PULSEAUDIO': '1', 'DBUS_SESSION_BUS_ADDRESS': 'unix:abstract=/tmp/dbus-sGAQDsqm8h,guid=6740656e6543a714119cfb356440f723', 'COLORTERM': 'truecolor', 'VNC_COL_DEPTH': '24', 'COLCON_PREFIX_PATH': '/home/kasm-user/Desktop/ros2_ws/install:/opt/ros/lcas_addons/install', 'MAX_FRAME_RATE': '24', 'ROS_DISTRO': 'humble', 'WINDOWID': '56623107', '_': '/usr/bin/colcon', 'ROS_VERSION': '2', 'NVIDIA_DRIVER_CAPABILITIES': 'graphics,compat32,utility', 'VNCOPTIONS': '-PreferBandwidth -DynamicQualityMin=4 -DynamicQualityMax=7 -DLP_ClipDelay=0 -select-de manual', 'TERM': 'xterm-256color', 'GAZEBO_MODEL_PATH': '/usr/share/gazebo/../../share/gazebo-11/models:/usr/share/gazebo/../../share/gazebo-11/models:/opt/ros/lcas_addons/install/uol_turtlebot_simulator/share/uol_turtlebot_simulator/models', 'ROS_LOCALHOST_ONLY': '0', 'OGRE_RESOURCE_PATH': '/usr/lib/x86_64-linux-gnu/OGRE-1.9.0', 'PATH': '/home/kasm-user/.local/bin:/home/kasm-user/.local/bin:/opt/ros/humble/bin:/usr/local/sbin:/usr/local/bin:/usr/sbin:/usr/bin:/sbin:/bin', 'SESSION_MANAGER': 'local/61c4b9d68fb8:@/tmp/.ICE-unix/136,unix/61c4b9d68fb8:/tmp/.ICE-unix/136', 'PULSE_RUNTIME_PATH': '/var/run/pulse', 'XDG_MENU_PREFIX': 'xfce-', 'SDL_GAMECONTROLLERCONFIG': '030000005e040000be02000014010000,XInput Controller,platform:Linux,a:b0,b:b1,x:b2,y:b3,back:b8,guide:b16,start:b9,leftstick:b10,rightstick:b11,leftshoulder:b4,rightshoulder:b5,dpup:b12,dpdown:b13,dpleft:b14,dpright:b15,leftx:a0,lefty:a1,rightx:a2,righty:a3,lefttrigger:b6,righttrigger:b7', 'START_XFCE4': '1', 'DISPLAY': ':1.0', 'LANG': 'en_US.UTF-8', 'XDG_CURRENT_DESKTOP': 'XFCE', 'SSH_AUTH_SOCK': '/tmp/ssh-XXXXXXy0TSB8/agent.270', 'AMENT_PREFIX_PATH': '/home/kasm-user/Desktop/ros2_ws/install/colourChaser:/opt/ros/lcas_addons/install/uol_turtlebot_simulator:/opt/ros/lcas_addons/install/cmp3103m_ros2_code_fragments:/opt/ros/humble', 'DEBIAN_FRONTEND': 'noninteractive', 'SHELL': '/bin/bash', 'INST_SCRIPTS': '/dockerstartup/install', 'GAZEBO_RESOURCE_PATH': '/usr/share/gazebo/../../share/gazebo-11:/usr/share/gazebo/../../share/gazebo-11:/opt/ros/lcas_addons/install/uol_turtlebot_simulator/share/uol_turtlebot_simulator/worlds:/opt/ros/lcas_addons/install/uol_turtlebot_simulator/share/uol_turtlebot_simulator/models', 'GAZEBO_MODEL_DATABASE_URI': 'http://models.gazebosim.org', 'PWD': '/home/kasm-user/Desktop/ros2_ws/build/colourChaser', 'VNC_RESOLUTION': '1280x1024', 'TURTLEBOT3_MODEL': 'waffle', 'LC_ALL': 'en_US.UTF-8', 'XDG_CONFIG_DIRS': '/etc/xdg', 'GAZEBO_PLUGIN_PATH': '/usr/share/gazebo/../../lib/x86_64-linux-gnu/gazebo-11/plugins:/usr/share/gazebo/../../lib/x86_64-linux-gnu/gazebo-11/plugins:', 'XDG_DATA_DIRS': '/usr/local/share:/usr/share', 'PYTHONPATH': '/home/kasm-user/Desktop/ros2_ws/build/colourChaser/prefix_override:/home/kasm-user/Desktop/ros2_ws/install/colourChaser/lib/python3.10/site-packages:/home/kasm-user/Desktop/ros2_ws/install/colourChaser/lib/python3.10/site-packages:/opt/ros/lcas_addons/install/cmp3103m_ros2_code_fragments/lib/python3.10/site-packages:/opt/ros/humble/lib/python3.10/site-packages:/opt/ros/humble/local/lib/python3.10/dist-packages', 'AUDIO_PORT': '4901', 'COLCON': '1', 'VTE_VERSION': '6800', 'CMAKE_PREFIX_PATH': '/opt/ros/lcas_addons/install/uol_turtlebot_simulator', 'KASMVNC_AUTO_RECOVER': 'true', 'KASM_VNC_PATH': '/usr/share/kasmvnc', 'VNC_PORT': '5901'}, 'shell': False}
[0.799784] (-) TimerEvent: {}
[0.900161] (-) TimerEvent: {}
[1.000749] (-) TimerEvent: {}
[1.101175] (-) TimerEvent: {}
[1.106688] (colourChaser) StdoutLine: {'line': b'running egg_info\n'}
[1.107890] (colourChaser) StdoutLine: {'line': b'writing ../../build/colourChaser/colourChaser.egg-info/PKG-INFO\n'}
[1.108322] (colourChaser) StdoutLine: {'line': b'writing dependency_links to ../../build/colourChaser/colourChaser.egg-info/dependency_links.txt\n'}
[1.108581] (colourChaser) StdoutLine: {'line': b'writing entry points to ../../build/colourChaser/colourChaser.egg-info/entry_points.txt\n'}
[1.108810] (colourChaser) StdoutLine: {'line': b'writing requirements to ../../build/colourChaser/colourChaser.egg-info/requires.txt\n'}
[1.109164] (colourChaser) StdoutLine: {'line': b'writing top-level names to ../../build/colourChaser/colourChaser.egg-info/top_level.txt\n'}
[1.111379] (colourChaser) StdoutLine: {'line': b"reading manifest file '../../build/colourChaser/colourChaser.egg-info/SOURCES.txt'\n"}
[1.112529] (colourChaser) StdoutLine: {'line': b"writing manifest file '../../build/colourChaser/colourChaser.egg-info/SOURCES.txt'\n"}
[1.113051] (colourChaser) StdoutLine: {'line': b'running build\n'}
[1.113397] (colourChaser) StdoutLine: {'line': b'running build_py\n'}
[1.113789] (colourChaser) StdoutLine: {'line': b'copying colourChaser/collision.py -> /home/kasm-user/Desktop/ros2_ws/build/colourChaser/build/lib/colourChaser\n'}
[1.114086] (colourChaser) StdoutLine: {'line': b'running install\n'}
[1.114177] (colourChaser) StderrLine: {'line': b'/usr/lib/python3/dist-packages/setuptools/command/install.py:34: SetuptoolsDeprecationWarning: setup.py install is deprecated. Use build and pip and other standards-based tools.\n'}
[1.114412] (colourChaser) StderrLine: {'line': b'  warnings.warn(\n'}
[1.114968] (colourChaser) StdoutLine: {'line': b'running install_lib\n'}
[1.116408] (colourChaser) StdoutLine: {'line': b'copying /home/kasm-user/Desktop/ros2_ws/build/colourChaser/build/lib/colourChaser/collision.py -> /home/kasm-user/Desktop/ros2_ws/install/colourChaser/lib/python3.10/site-packages/colourChaser\n'}
[1.117192] (colourChaser) StdoutLine: {'line': b'byte-compiling /home/kasm-user/Desktop/ros2_ws/install/colourChaser/lib/python3.10/site-packages/colourChaser/collision.py to collision.cpython-310.pyc\n'}
[1.117995] (colourChaser) StdoutLine: {'line': b'running install_data\n'}
[1.118959] (colourChaser) StdoutLine: {'line': b'running install_egg_info\n'}
[1.120955] (colourChaser) StdoutLine: {'line': b"removing '/home/kasm-user/Desktop/ros2_ws/install/colourChaser/lib/python3.10/site-packages/colourChaser-0.0.0-py3.10.egg-info' (and everything under it)\n"}
[1.121272] (colourChaser) StdoutLine: {'line': b'Copying ../../build/colourChaser/colourChaser.egg-info to /home/kasm-user/Desktop/ros2_ws/install/colourChaser/lib/python3.10/site-packages/colourChaser-0.0.0-py3.10.egg-info\n'}
[1.122346] (colourChaser) StdoutLine: {'line': b'running install_scripts\n'}
[1.147212] (colourChaser) StdoutLine: {'line': b'Installing chaser script to /home/kasm-user/Desktop/ros2_ws/install/colourChaser/lib/colourChaser\n'}
[1.147709] (colourChaser) StdoutLine: {'line': b'Installing collision script to /home/kasm-user/Desktop/ros2_ws/install/colourChaser/lib/colourChaser\n'}
[1.147934] (colourChaser) StdoutLine: {'line': b'Installing roamer script to /home/kasm-user/Desktop/ros2_ws/install/colourChaser/lib/colourChaser\n'}
[1.148107] (colourChaser) StdoutLine: {'line': b"writing list of installed files to '/home/kasm-user/Desktop/ros2_ws/build/colourChaser/install.log'\n"}
[1.182015] (colourChaser) CommandEnded: {'returncode': 0}
[1.201605] (-) TimerEvent: {}
[1.202592] (colourChaser) JobEnded: {'identifier': 'colourChaser', 'rc': 0}
[1.203888] (-) EventReactorShutdown: {}
