[0.691s] Invoking command in '/home/kasm-user/Desktop/ros2_ws/src/colourChaser': PS1=default:\w$ PYTHONPATH=/home/kasm-user/Desktop/ros2_ws/build/colourChaser/prefix_override:/home/kasm-user/Desktop/ros2_ws/install/colourChaser/lib/python3.10/site-packages:${PYTHONPATH} /usr/bin/python3 setup.py egg_info --egg-base ../../build/colourChaser build --build-base /home/kasm-user/Desktop/ros2_ws/build/colourChaser/build install --record /home/kasm-user/Desktop/ros2_ws/build/colourChaser/install.log --single-version-externally-managed
[0.969s] running egg_info
[0.969s] writing ../../build/colourChaser/colourChaser.egg-info/PKG-INFO
[0.970s] writing dependency_links to ../../build/colourChaser/colourChaser.egg-info/dependency_links.txt
[0.970s] writing entry points to ../../build/colourChaser/colourChaser.egg-info/entry_points.txt
[0.970s] writing requirements to ../../build/colourChaser/colourChaser.egg-info/requires.txt
[0.971s] writing top-level names to ../../build/colourChaser/colourChaser.egg-info/top_level.txt
[0.973s] reading manifest file '../../build/colourChaser/colourChaser.egg-info/SOURCES.txt'
[0.974s] writing manifest file '../../build/colourChaser/colourChaser.egg-info/SOURCES.txt'
[0.974s] running build
[0.974s] running build_py
[0.975s] copying colourChaser/collision.py -> /home/kasm-user/Desktop/ros2_ws/build/colourChaser/build/lib/colourChaser
[0.975s] running install
[0.975s] /usr/lib/python3/dist-packages/setuptools/command/install.py:34: SetuptoolsDeprecationWarning: setup.py install is deprecated. Use build and pip and other standards-based tools.
[0.976s]   warnings.warn(
[0.976s] running install_lib
[0.976s] copying /home/kasm-user/Desktop/ros2_ws/build/colourChaser/build/lib/colourChaser/collision.py -> /home/kasm-user/Desktop/ros2_ws/install/colourChaser/lib/python3.10/site-packages/colourChaser
[0.976s] byte-compiling /home/kasm-user/Desktop/ros2_ws/install/colourChaser/lib/python3.10/site-packages/colourChaser/collision.py to collision.cpython-310.pyc
[0.977s] running install_data
[0.978s] running install_egg_info
[0.980s] removing '/home/kasm-user/Desktop/ros2_ws/install/colourChaser/lib/python3.10/site-packages/colourChaser-0.0.0-py3.10.egg-info' (and everything under it)
[0.980s] Copying ../../build/colourChaser/colourChaser.egg-info to /home/kasm-user/Desktop/ros2_ws/install/colourChaser/lib/python3.10/site-packages/colourChaser-0.0.0-py3.10.egg-info
[0.981s] running install_scripts
[1.006s] Installing chaser script to /home/kasm-user/Desktop/ros2_ws/install/colourChaser/lib/colourChaser
[1.006s] Installing collision script to /home/kasm-user/Desktop/ros2_ws/install/colourChaser/lib/colourChaser
[1.006s] Installing roamer script to /home/kasm-user/Desktop/ros2_ws/install/colourChaser/lib/colourChaser
[1.006s] writing list of installed files to '/home/kasm-user/Desktop/ros2_ws/build/colourChaser/install.log'
[1.036s] Invoked command in '/home/kasm-user/Desktop/ros2_ws/src/colourChaser' returned '0': PS1=default:\w$ PYTHONPATH=/home/kasm-user/Desktop/ros2_ws/build/colourChaser/prefix_override:/home/kasm-user/Desktop/ros2_ws/install/colourChaser/lib/python3.10/site-packages:${PYTHONPATH} /usr/bin/python3 setup.py egg_info --egg-base ../../build/colourChaser build --build-base /home/kasm-user/Desktop/ros2_ws/build/colourChaser/build install --record /home/kasm-user/Desktop/ros2_ws/build/colourChaser/install.log --single-version-externally-managed
