[0.773s] Invoking command in '/home/kasm-user/Desktop/ros2_ws/src/colourChaser': PS1=default:\w$ PYTHONPATH=/home/kasm-user/Desktop/ros2_ws/build/colourChaser/prefix_override:/home/kasm-user/Desktop/ros2_ws/install/colourChaser/lib/python3.10/site-packages:${PYTHONPATH} /usr/bin/python3 setup.py egg_info --egg-base ../../build/colourChaser build --build-base /home/kasm-user/Desktop/ros2_ws/build/colourChaser/build install --record /home/kasm-user/Desktop/ros2_ws/build/colourChaser/install.log --single-version-externally-managed
[1.069s] running egg_info
[1.070s] writing ../../build/colourChaser/colourChaser.egg-info/PKG-INFO
[1.070s] writing dependency_links to ../../build/colourChaser/colourChaser.egg-info/dependency_links.txt
[1.071s] writing entry points to ../../build/colourChaser/colourChaser.egg-info/entry_points.txt
[1.071s] writing requirements to ../../build/colourChaser/colourChaser.egg-info/requires.txt
[1.071s] writing top-level names to ../../build/colourChaser/colourChaser.egg-info/top_level.txt
[1.073s] reading manifest file '../../build/colourChaser/colourChaser.egg-info/SOURCES.txt'
[1.074s] writing manifest file '../../build/colourChaser/colourChaser.egg-info/SOURCES.txt'
[1.074s] running build
[1.074s] running build_py
[1.075s] copying colourChaser/collision.py -> /home/kasm-user/Desktop/ros2_ws/build/colourChaser/build/lib/colourChaser
[1.075s] running install
[1.075s] /usr/lib/python3/dist-packages/setuptools/command/install.py:34: SetuptoolsDeprecationWarning: setup.py install is deprecated. Use build and pip and other standards-based tools.
[1.075s]   warnings.warn(
[1.076s] running install_lib
[1.077s] copying /home/kasm-user/Desktop/ros2_ws/build/colourChaser/build/lib/colourChaser/collision.py -> /home/kasm-user/Desktop/ros2_ws/install/colourChaser/lib/python3.10/site-packages/colourChaser
[1.077s] byte-compiling /home/kasm-user/Desktop/ros2_ws/install/colourChaser/lib/python3.10/site-packages/colourChaser/collision.py to collision.cpython-310.pyc
[1.078s] running install_data
[1.079s] running install_egg_info
[1.081s] removing '/home/kasm-user/Desktop/ros2_ws/install/colourChaser/lib/python3.10/site-packages/colourChaser-0.0.0-py3.10.egg-info' (and everything under it)
[1.081s] Copying ../../build/colourChaser/colourChaser.egg-info to /home/kasm-user/Desktop/ros2_ws/install/colourChaser/lib/python3.10/site-packages/colourChaser-0.0.0-py3.10.egg-info
[1.082s] running install_scripts
[1.107s] Installing chaser script to /home/kasm-user/Desktop/ros2_ws/install/colourChaser/lib/colourChaser
[1.108s] Installing collision script to /home/kasm-user/Desktop/ros2_ws/install/colourChaser/lib/colourChaser
[1.108s] Installing roamer script to /home/kasm-user/Desktop/ros2_ws/install/colourChaser/lib/colourChaser
[1.108s] writing list of installed files to '/home/kasm-user/Desktop/ros2_ws/build/colourChaser/install.log'
[1.141s] Invoked command in '/home/kasm-user/Desktop/ros2_ws/src/colourChaser' returned '0': PS1=default:\w$ PYTHONPATH=/home/kasm-user/Desktop/ros2_ws/build/colourChaser/prefix_override:/home/kasm-user/Desktop/ros2_ws/install/colourChaser/lib/python3.10/site-packages:${PYTHONPATH} /usr/bin/python3 setup.py egg_info --egg-base ../../build/colourChaser build --build-base /home/kasm-user/Desktop/ros2_ws/build/colourChaser/build install --record /home/kasm-user/Desktop/ros2_ws/build/colourChaser/install.log --single-version-externally-managed
